<?xml version="1.0" encoding="UTF-8"?>
<testng-results skipped="0" failed="8" total="8" passed="0">
  <reporter-output>
  </reporter-output>
  <suite name="Default suite" duration-ms="62858" started-at="2015-06-30T14:40:15Z" finished-at="2015-06-30T14:41:18Z">
    <groups>
    </groups>
    <test name="Default test" duration-ms="62858" started-at="2015-06-30T14:40:15Z" finished-at="2015-06-30T14:41:18Z">
      <class name="appiumtest.Testapp">
        <test-method status="PASS" signature="testApp()[pri:0, instance:appiumtest.Testapp@15c3cd93]" name="testApp" is-config="true" duration-ms="20875" started-at="2015-06-30T20:09:54Z" finished-at="2015-06-30T20:10:15Z">
          <reporter-output>
          </reporter-output>
        </test-method> <!-- testApp -->
        <test-method status="FAIL" signature="A_login()[pri:0, instance:appiumtest.Testapp@15c3cd93]" name="A_login" duration-ms="62671" started-at="2015-06-30T20:10:15Z" finished-at="2015-06-30T20:11:18Z">
          <exception class="org.openqa.selenium.remote.SessionNotFoundException">
            <message>
              <![CDATA[
Command duration or timeout: 15 milliseconds
Build info: version: '2.45.0', revision: '5017cb8', time: '2015-02-26 23:59:50'
System info: host: 'PRO-SAURABH-LT', ip: '192.168.60.87', os.name: 'Windows 8', os.arch: 'amd64', os.version: '6.2', java.version: '1.7.0_45'
Session ID: 1b059f70-f05c-4021-9d76-ce740511bce1
Driver info: io.appium.java_client.android.AndroidDriver
Capabilities [{platform=LINUX, app=F:\EXE Files\Mobile Testing\Apk\MiGallery_1.0.17.715_production.apk, javascriptEnabled=true, appActivity=com.mimedia.gallery.GalleryStartupActivity_, browserName=, networkConnectionEnabled=true, desired={app=F:\EXE Files\Mobile Testing\Apk\MiGallery_1.0.17.715_production.apk, platformVersion=5.0.2, deviceName=A05510, platformName=Android, appActivity=com.mimedia.gallery.GalleryStartupActivity_, browserName=, appPackage=com.mimedia.gallery}, locationContextEnabled=false, appPackage=com.mimedia.gallery, platformVersion=5.0.2, databaseEnabled=false, platformName=Android, deviceName=3a209ea, webStorageEnabled=false, warnings={}, takesScreenshot=true}]]]>
            </message>
            <full-stacktrace>
              <![CDATA[org.openqa.selenium.remote.SessionNotFoundException: 
Command duration or timeout: 15 milliseconds
Build info: version: '2.45.0', revision: '5017cb8', time: '2015-02-26 23:59:50'
System info: host: 'PRO-SAURABH-LT', ip: '192.168.60.87', os.name: 'Windows 8', os.arch: 'amd64', os.version: '6.2', java.version: '1.7.0_45'
Session ID: 1b059f70-f05c-4021-9d76-ce740511bce1
Driver info: io.appium.java_client.android.AndroidDriver
Capabilities [{platform=LINUX, app=F:\EXE Files\Mobile Testing\Apk\MiGallery_1.0.17.715_production.apk, javascriptEnabled=true, appActivity=com.mimedia.gallery.GalleryStartupActivity_, browserName=, networkConnectionEnabled=true, desired={app=F:\EXE Files\Mobile Testing\Apk\MiGallery_1.0.17.715_production.apk, platformVersion=5.0.2, deviceName=A05510, platformName=Android, appActivity=com.mimedia.gallery.GalleryStartupActivity_, browserName=, appPackage=com.mimedia.gallery}, locationContextEnabled=false, appPackage=com.mimedia.gallery, platformVersion=5.0.2, databaseEnabled=false, platformName=Android, deviceName=3a209ea, webStorageEnabled=false, warnings={}, takesScreenshot=true}]
	at sun.reflect.NativeConstructorAccessorImpl.newInstance0(Native Method)
	at sun.reflect.NativeConstructorAccessorImpl.newInstance(NativeConstructorAccessorImpl.java:57)
	at sun.reflect.DelegatingConstructorAccessorImpl.newInstance(DelegatingConstructorAccessorImpl.java:45)
	at java.lang.reflect.Constructor.newInstance(Constructor.java:526)
	at org.openqa.selenium.remote.ErrorHandler.createThrowable(ErrorHandler.java:204)
	at org.openqa.selenium.remote.ErrorHandler.throwIfResponseFailed(ErrorHandler.java:162)
	at org.openqa.selenium.remote.RemoteWebDriver.execute(RemoteWebDriver.java:599)
	at io.appium.java_client.AppiumDriver.execute(AppiumDriver.java:180)
	at org.openqa.selenium.remote.RemoteWebElement.execute(RemoteWebElement.java:268)
	at org.openqa.selenium.remote.RemoteWebElement.click(RemoteWebElement.java:79)
	at appiumtest.Testapp.A_login(Testapp.java:86)
	at sun.reflect.NativeMethodAccessorImpl.invoke0(Native Method)
	at sun.reflect.NativeMethodAccessorImpl.invoke(NativeMethodAccessorImpl.java:57)
	at sun.reflect.DelegatingMethodAccessorImpl.invoke(DelegatingMethodAccessorImpl.java:43)
	at java.lang.reflect.Method.invoke(Method.java:606)
	at org.testng.internal.MethodInvocationHelper.invokeMethod(MethodInvocationHelper.java:84)
	at org.testng.internal.Invoker.invokeMethod(Invoker.java:714)
	at org.testng.internal.Invoker.invokeTestMethod(Invoker.java:901)
	at org.testng.internal.Invoker.invokeTestMethods(Invoker.java:1231)
	at org.testng.internal.TestMethodWorker.invokeTestMethods(TestMethodWorker.java:127)
	at org.testng.internal.TestMethodWorker.run(TestMethodWorker.java:111)
	at org.testng.TestRunner.privateRun(TestRunner.java:767)
	at org.testng.TestRunner.run(TestRunner.java:617)
	at org.testng.SuiteRunner.runTest(SuiteRunner.java:334)
	at org.testng.SuiteRunner.runSequentially(SuiteRunner.java:329)
	at org.testng.SuiteRunner.privateRun(SuiteRunner.java:291)
	at org.testng.SuiteRunner.run(SuiteRunner.java:240)
	at org.testng.SuiteRunnerWorker.runSuite(SuiteRunnerWorker.java:52)
	at org.testng.SuiteRunnerWorker.run(SuiteRunnerWorker.java:86)
	at org.testng.TestNG.runSuitesSequentially(TestNG.java:1224)
	at org.testng.TestNG.runSuitesLocally(TestNG.java:1149)
	at org.testng.TestNG.run(TestNG.java:1057)
	at org.testng.remote.RemoteTestNG.run(RemoteTestNG.java:111)
	at org.testng.remote.RemoteTestNG.initAndRun(RemoteTestNG.java:204)
	at org.testng.remote.RemoteTestNG.main(RemoteTestNG.java:175)
]]>
            </full-stacktrace>
          </exception> <!-- org.openqa.selenium.remote.SessionNotFoundException -->
          <reporter-output>
          </reporter-output>
        </test-method> <!-- A_login -->
        <test-method status="FAIL" signature="B_navigation()[pri:0, instance:appiumtest.Testapp@15c3cd93]" name="B_navigation" duration-ms="16" started-at="2015-06-30T20:11:18Z" finished-at="2015-06-30T20:11:18Z">
          <exception class="org.openqa.selenium.remote.SessionNotFoundException">
            <message>
              <![CDATA[
Command duration or timeout: 16 milliseconds
Build info: version: '2.45.0', revision: '5017cb8', time: '2015-02-26 23:59:50'
System info: host: 'PRO-SAURABH-LT', ip: '192.168.60.87', os.name: 'Windows 8', os.arch: 'amd64', os.version: '6.2', java.version: '1.7.0_45'
*** Element info: {Using=id, value=com.mimedia.gallery:id/gallery_action_bar_nav_icon}
Session ID: 1b059f70-f05c-4021-9d76-ce740511bce1
Driver info: io.appium.java_client.android.AndroidDriver
Capabilities [{platform=LINUX, app=F:\EXE Files\Mobile Testing\Apk\MiGallery_1.0.17.715_production.apk, javascriptEnabled=true, appActivity=com.mimedia.gallery.GalleryStartupActivity_, browserName=, networkConnectionEnabled=true, desired={app=F:\EXE Files\Mobile Testing\Apk\MiGallery_1.0.17.715_production.apk, platformVersion=5.0.2, deviceName=A05510, platformName=Android, appActivity=com.mimedia.gallery.GalleryStartupActivity_, browserName=, appPackage=com.mimedia.gallery}, locationContextEnabled=false, appPackage=com.mimedia.gallery, platformVersion=5.0.2, databaseEnabled=false, platformName=Android, deviceName=3a209ea, webStorageEnabled=false, warnings={}, takesScreenshot=true}]]]>
            </message>
            <full-stacktrace>
              <![CDATA[org.openqa.selenium.remote.SessionNotFoundException: 
Command duration or timeout: 16 milliseconds
Build info: version: '2.45.0', revision: '5017cb8', time: '2015-02-26 23:59:50'
System info: host: 'PRO-SAURABH-LT', ip: '192.168.60.87', os.name: 'Windows 8', os.arch: 'amd64', os.version: '6.2', java.version: '1.7.0_45'
*** Element info: {Using=id, value=com.mimedia.gallery:id/gallery_action_bar_nav_icon}
Session ID: 1b059f70-f05c-4021-9d76-ce740511bce1
Driver info: io.appium.java_client.android.AndroidDriver
Capabilities [{platform=LINUX, app=F:\EXE Files\Mobile Testing\Apk\MiGallery_1.0.17.715_production.apk, javascriptEnabled=true, appActivity=com.mimedia.gallery.GalleryStartupActivity_, browserName=, networkConnectionEnabled=true, desired={app=F:\EXE Files\Mobile Testing\Apk\MiGallery_1.0.17.715_production.apk, platformVersion=5.0.2, deviceName=A05510, platformName=Android, appActivity=com.mimedia.gallery.GalleryStartupActivity_, browserName=, appPackage=com.mimedia.gallery}, locationContextEnabled=false, appPackage=com.mimedia.gallery, platformVersion=5.0.2, databaseEnabled=false, platformName=Android, deviceName=3a209ea, webStorageEnabled=false, warnings={}, takesScreenshot=true}]
	at sun.reflect.NativeConstructorAccessorImpl.newInstance0(Native Method)
	at sun.reflect.NativeConstructorAccessorImpl.newInstance(NativeConstructorAccessorImpl.java:57)
	at sun.reflect.DelegatingConstructorAccessorImpl.newInstance(DelegatingConstructorAccessorImpl.java:45)
	at java.lang.reflect.Constructor.newInstance(Constructor.java:526)
	at org.openqa.selenium.remote.ErrorHandler.createThrowable(ErrorHandler.java:204)
	at org.openqa.selenium.remote.ErrorHandler.throwIfResponseFailed(ErrorHandler.java:162)
	at org.openqa.selenium.remote.RemoteWebDriver.execute(RemoteWebDriver.java:599)
	at io.appium.java_client.AppiumDriver.execute(AppiumDriver.java:180)
	at org.openqa.selenium.remote.RemoteWebDriver.findElement(RemoteWebDriver.java:352)
	at org.openqa.selenium.remote.RemoteWebDriver.findElementById(RemoteWebDriver.java:393)
	at org.openqa.selenium.By$ById.findElement(By.java:214)
	at org.openqa.selenium.remote.RemoteWebDriver.findElement(RemoteWebDriver.java:344)
	at appiumtest.Testapp.B_navigation(Testapp.java:119)
	at sun.reflect.NativeMethodAccessorImpl.invoke0(Native Method)
	at sun.reflect.NativeMethodAccessorImpl.invoke(NativeMethodAccessorImpl.java:57)
	at sun.reflect.DelegatingMethodAccessorImpl.invoke(DelegatingMethodAccessorImpl.java:43)
	at java.lang.reflect.Method.invoke(Method.java:606)
	at org.testng.internal.MethodInvocationHelper.invokeMethod(MethodInvocationHelper.java:84)
	at org.testng.internal.Invoker.invokeMethod(Invoker.java:714)
	at org.testng.internal.Invoker.invokeTestMethod(Invoker.java:901)
	at org.testng.internal.Invoker.invokeTestMethods(Invoker.java:1231)
	at org.testng.internal.TestMethodWorker.invokeTestMethods(TestMethodWorker.java:127)
	at org.testng.internal.TestMethodWorker.run(TestMethodWorker.java:111)
	at org.testng.TestRunner.privateRun(TestRunner.java:767)
	at org.testng.TestRunner.run(TestRunner.java:617)
	at org.testng.SuiteRunner.runTest(SuiteRunner.java:334)
	at org.testng.SuiteRunner.runSequentially(SuiteRunner.java:329)
	at org.testng.SuiteRunner.privateRun(SuiteRunner.java:291)
	at org.testng.SuiteRunner.run(SuiteRunner.java:240)
	at org.testng.SuiteRunnerWorker.runSuite(SuiteRunnerWorker.java:52)
	at org.testng.SuiteRunnerWorker.run(SuiteRunnerWorker.java:86)
	at org.testng.TestNG.runSuitesSequentially(TestNG.java:1224)
	at org.testng.TestNG.runSuitesLocally(TestNG.java:1149)
	at org.testng.TestNG.run(TestNG.java:1057)
	at org.testng.remote.RemoteTestNG.run(RemoteTestNG.java:111)
	at org.testng.remote.RemoteTestNG.initAndRun(RemoteTestNG.java:204)
	at org.testng.remote.RemoteTestNG.main(RemoteTestNG.java:175)
]]>
            </full-stacktrace>
          </exception> <!-- org.openqa.selenium.remote.SessionNotFoundException -->
          <reporter-output>
          </reporter-output>
        </test-method> <!-- B_navigation -->
        <test-method status="FAIL" signature="C_sreens()[pri:0, instance:appiumtest.Testapp@15c3cd93]" name="C_sreens" duration-ms="31" started-at="2015-06-30T20:11:18Z" finished-at="2015-06-30T20:11:18Z">
          <exception class="org.openqa.selenium.remote.SessionNotFoundException">
            <message>
              <![CDATA[
Command duration or timeout: 16 milliseconds
Build info: version: '2.45.0', revision: '5017cb8', time: '2015-02-26 23:59:50'
System info: host: 'PRO-SAURABH-LT', ip: '192.168.60.87', os.name: 'Windows 8', os.arch: 'amd64', os.version: '6.2', java.version: '1.7.0_45'
*** Element info: {Using=name, value=Collections}
Session ID: 1b059f70-f05c-4021-9d76-ce740511bce1
Driver info: io.appium.java_client.android.AndroidDriver
Capabilities [{platform=LINUX, app=F:\EXE Files\Mobile Testing\Apk\MiGallery_1.0.17.715_production.apk, javascriptEnabled=true, appActivity=com.mimedia.gallery.GalleryStartupActivity_, browserName=, networkConnectionEnabled=true, desired={app=F:\EXE Files\Mobile Testing\Apk\MiGallery_1.0.17.715_production.apk, platformVersion=5.0.2, deviceName=A05510, platformName=Android, appActivity=com.mimedia.gallery.GalleryStartupActivity_, browserName=, appPackage=com.mimedia.gallery}, locationContextEnabled=false, appPackage=com.mimedia.gallery, platformVersion=5.0.2, databaseEnabled=false, platformName=Android, deviceName=3a209ea, webStorageEnabled=false, warnings={}, takesScreenshot=true}]]]>
            </message>
            <full-stacktrace>
              <![CDATA[org.openqa.selenium.remote.SessionNotFoundException: 
Command duration or timeout: 16 milliseconds
Build info: version: '2.45.0', revision: '5017cb8', time: '2015-02-26 23:59:50'
System info: host: 'PRO-SAURABH-LT', ip: '192.168.60.87', os.name: 'Windows 8', os.arch: 'amd64', os.version: '6.2', java.version: '1.7.0_45'
*** Element info: {Using=name, value=Collections}
Session ID: 1b059f70-f05c-4021-9d76-ce740511bce1
Driver info: io.appium.java_client.android.AndroidDriver
Capabilities [{platform=LINUX, app=F:\EXE Files\Mobile Testing\Apk\MiGallery_1.0.17.715_production.apk, javascriptEnabled=true, appActivity=com.mimedia.gallery.GalleryStartupActivity_, browserName=, networkConnectionEnabled=true, desired={app=F:\EXE Files\Mobile Testing\Apk\MiGallery_1.0.17.715_production.apk, platformVersion=5.0.2, deviceName=A05510, platformName=Android, appActivity=com.mimedia.gallery.GalleryStartupActivity_, browserName=, appPackage=com.mimedia.gallery}, locationContextEnabled=false, appPackage=com.mimedia.gallery, platformVersion=5.0.2, databaseEnabled=false, platformName=Android, deviceName=3a209ea, webStorageEnabled=false, warnings={}, takesScreenshot=true}]
	at sun.reflect.NativeConstructorAccessorImpl.newInstance0(Native Method)
	at sun.reflect.NativeConstructorAccessorImpl.newInstance(NativeConstructorAccessorImpl.java:57)
	at sun.reflect.DelegatingConstructorAccessorImpl.newInstance(DelegatingConstructorAccessorImpl.java:45)
	at java.lang.reflect.Constructor.newInstance(Constructor.java:526)
	at org.openqa.selenium.remote.ErrorHandler.createThrowable(ErrorHandler.java:204)
	at org.openqa.selenium.remote.ErrorHandler.throwIfResponseFailed(ErrorHandler.java:162)
	at org.openqa.selenium.remote.RemoteWebDriver.execute(RemoteWebDriver.java:599)
	at io.appium.java_client.AppiumDriver.execute(AppiumDriver.java:180)
	at org.openqa.selenium.remote.RemoteWebDriver.findElement(RemoteWebDriver.java:352)
	at org.openqa.selenium.remote.RemoteWebDriver.findElementByName(RemoteWebDriver.java:425)
	at org.openqa.selenium.By$ByName.findElement(By.java:299)
	at org.openqa.selenium.remote.RemoteWebDriver.findElement(RemoteWebDriver.java:344)
	at appiumtest.Testapp.C_sreens(Testapp.java:141)
	at sun.reflect.NativeMethodAccessorImpl.invoke0(Native Method)
	at sun.reflect.NativeMethodAccessorImpl.invoke(NativeMethodAccessorImpl.java:57)
	at sun.reflect.DelegatingMethodAccessorImpl.invoke(DelegatingMethodAccessorImpl.java:43)
	at java.lang.reflect.Method.invoke(Method.java:606)
	at org.testng.internal.MethodInvocationHelper.invokeMethod(MethodInvocationHelper.java:84)
	at org.testng.internal.Invoker.invokeMethod(Invoker.java:714)
	at org.testng.internal.Invoker.invokeTestMethod(Invoker.java:901)
	at org.testng.internal.Invoker.invokeTestMethods(Invoker.java:1231)
	at org.testng.internal.TestMethodWorker.invokeTestMethods(TestMethodWorker.java:127)
	at org.testng.internal.TestMethodWorker.run(TestMethodWorker.java:111)
	at org.testng.TestRunner.privateRun(TestRunner.java:767)
	at org.testng.TestRunner.run(TestRunner.java:617)
	at org.testng.SuiteRunner.runTest(SuiteRunner.java:334)
	at org.testng.SuiteRunner.runSequentially(SuiteRunner.java:329)
	at org.testng.SuiteRunner.privateRun(SuiteRunner.java:291)
	at org.testng.SuiteRunner.run(SuiteRunner.java:240)
	at org.testng.SuiteRunnerWorker.runSuite(SuiteRunnerWorker.java:52)
	at org.testng.SuiteRunnerWorker.run(SuiteRunnerWorker.java:86)
	at org.testng.TestNG.runSuitesSequentially(TestNG.java:1224)
	at org.testng.TestNG.runSuitesLocally(TestNG.java:1149)
	at org.testng.TestNG.run(TestNG.java:1057)
	at org.testng.remote.RemoteTestNG.run(RemoteTestNG.java:111)
	at org.testng.remote.RemoteTestNG.initAndRun(RemoteTestNG.java:204)
	at org.testng.remote.RemoteTestNG.main(RemoteTestNG.java:175)
]]>
            </full-stacktrace>
          </exception> <!-- org.openqa.selenium.remote.SessionNotFoundException -->
          <reporter-output>
          </reporter-output>
        </test-method> <!-- C_sreens -->
        <test-method status="FAIL" signature="D_camera()[pri:0, instance:appiumtest.Testapp@15c3cd93]" name="D_camera" duration-ms="16" started-at="2015-06-30T20:11:18Z" finished-at="2015-06-30T20:11:18Z">
          <exception class="org.openqa.selenium.remote.SessionNotFoundException">
            <message>
              <![CDATA[
Command duration or timeout: 16 milliseconds
Build info: version: '2.45.0', revision: '5017cb8', time: '2015-02-26 23:59:50'
System info: host: 'PRO-SAURABH-LT', ip: '192.168.60.87', os.name: 'Windows 8', os.arch: 'amd64', os.version: '6.2', java.version: '1.7.0_45'
*** Element info: {Using=accessibility id, value=Camera}
Session ID: 1b059f70-f05c-4021-9d76-ce740511bce1
Driver info: io.appium.java_client.android.AndroidDriver
Capabilities [{platform=LINUX, app=F:\EXE Files\Mobile Testing\Apk\MiGallery_1.0.17.715_production.apk, javascriptEnabled=true, appActivity=com.mimedia.gallery.GalleryStartupActivity_, browserName=, networkConnectionEnabled=true, desired={app=F:\EXE Files\Mobile Testing\Apk\MiGallery_1.0.17.715_production.apk, platformVersion=5.0.2, deviceName=A05510, platformName=Android, appActivity=com.mimedia.gallery.GalleryStartupActivity_, browserName=, appPackage=com.mimedia.gallery}, locationContextEnabled=false, appPackage=com.mimedia.gallery, platformVersion=5.0.2, databaseEnabled=false, platformName=Android, deviceName=3a209ea, webStorageEnabled=false, warnings={}, takesScreenshot=true}]]]>
            </message>
            <full-stacktrace>
              <![CDATA[org.openqa.selenium.remote.SessionNotFoundException: 
Command duration or timeout: 16 milliseconds
Build info: version: '2.45.0', revision: '5017cb8', time: '2015-02-26 23:59:50'
System info: host: 'PRO-SAURABH-LT', ip: '192.168.60.87', os.name: 'Windows 8', os.arch: 'amd64', os.version: '6.2', java.version: '1.7.0_45'
*** Element info: {Using=accessibility id, value=Camera}
Session ID: 1b059f70-f05c-4021-9d76-ce740511bce1
Driver info: io.appium.java_client.android.AndroidDriver
Capabilities [{platform=LINUX, app=F:\EXE Files\Mobile Testing\Apk\MiGallery_1.0.17.715_production.apk, javascriptEnabled=true, appActivity=com.mimedia.gallery.GalleryStartupActivity_, browserName=, networkConnectionEnabled=true, desired={app=F:\EXE Files\Mobile Testing\Apk\MiGallery_1.0.17.715_production.apk, platformVersion=5.0.2, deviceName=A05510, platformName=Android, appActivity=com.mimedia.gallery.GalleryStartupActivity_, browserName=, appPackage=com.mimedia.gallery}, locationContextEnabled=false, appPackage=com.mimedia.gallery, platformVersion=5.0.2, databaseEnabled=false, platformName=Android, deviceName=3a209ea, webStorageEnabled=false, warnings={}, takesScreenshot=true}]
	at sun.reflect.NativeConstructorAccessorImpl.newInstance0(Native Method)
	at sun.reflect.NativeConstructorAccessorImpl.newInstance(NativeConstructorAccessorImpl.java:57)
	at sun.reflect.DelegatingConstructorAccessorImpl.newInstance(DelegatingConstructorAccessorImpl.java:45)
	at java.lang.reflect.Constructor.newInstance(Constructor.java:526)
	at org.openqa.selenium.remote.ErrorHandler.createThrowable(ErrorHandler.java:204)
	at org.openqa.selenium.remote.ErrorHandler.throwIfResponseFailed(ErrorHandler.java:162)
	at org.openqa.selenium.remote.RemoteWebDriver.execute(RemoteWebDriver.java:599)
	at io.appium.java_client.AppiumDriver.execute(AppiumDriver.java:180)
	at org.openqa.selenium.remote.RemoteWebDriver.findElement(RemoteWebDriver.java:352)
	at io.appium.java_client.AppiumDriver.findElementByAccessibilityId(AppiumDriver.java:576)
	at appiumtest.Testapp.D_camera(Testapp.java:159)
	at sun.reflect.NativeMethodAccessorImpl.invoke0(Native Method)
	at sun.reflect.NativeMethodAccessorImpl.invoke(NativeMethodAccessorImpl.java:57)
	at sun.reflect.DelegatingMethodAccessorImpl.invoke(DelegatingMethodAccessorImpl.java:43)
	at java.lang.reflect.Method.invoke(Method.java:606)
	at org.testng.internal.MethodInvocationHelper.invokeMethod(MethodInvocationHelper.java:84)
	at org.testng.internal.Invoker.invokeMethod(Invoker.java:714)
	at org.testng.internal.Invoker.invokeTestMethod(Invoker.java:901)
	at org.testng.internal.Invoker.invokeTestMethods(Invoker.java:1231)
	at org.testng.internal.TestMethodWorker.invokeTestMethods(TestMethodWorker.java:127)
	at org.testng.internal.TestMethodWorker.run(TestMethodWorker.java:111)
	at org.testng.TestRunner.privateRun(TestRunner.java:767)
	at org.testng.TestRunner.run(TestRunner.java:617)
	at org.testng.SuiteRunner.runTest(SuiteRunner.java:334)
	at org.testng.SuiteRunner.runSequentially(SuiteRunner.java:329)
	at org.testng.SuiteRunner.privateRun(SuiteRunner.java:291)
	at org.testng.SuiteRunner.run(SuiteRunner.java:240)
	at org.testng.SuiteRunnerWorker.runSuite(SuiteRunnerWorker.java:52)
	at org.testng.SuiteRunnerWorker.run(SuiteRunnerWorker.java:86)
	at org.testng.TestNG.runSuitesSequentially(TestNG.java:1224)
	at org.testng.TestNG.runSuitesLocally(TestNG.java:1149)
	at org.testng.TestNG.run(TestNG.java:1057)
	at org.testng.remote.RemoteTestNG.run(RemoteTestNG.java:111)
	at org.testng.remote.RemoteTestNG.initAndRun(RemoteTestNG.java:204)
	at org.testng.remote.RemoteTestNG.main(RemoteTestNG.java:175)
]]>
            </full-stacktrace>
          </exception> <!-- org.openqa.selenium.remote.SessionNotFoundException -->
          <reporter-output>
          </reporter-output>
        </test-method> <!-- D_camera -->
        <test-method status="FAIL" signature="E_collectionscreen()[pri:0, instance:appiumtest.Testapp@15c3cd93]" name="E_collectionscreen" duration-ms="15" started-at="2015-06-30T20:11:18Z" finished-at="2015-06-30T20:11:18Z">
          <exception class="org.openqa.selenium.remote.SessionNotFoundException">
            <message>
              <![CDATA[
Command duration or timeout: 15 milliseconds
Build info: version: '2.45.0', revision: '5017cb8', time: '2015-02-26 23:59:50'
System info: host: 'PRO-SAURABH-LT', ip: '192.168.60.87', os.name: 'Windows 8', os.arch: 'amd64', os.version: '6.2', java.version: '1.7.0_45'
*** Element info: {Using=name, value=Collections}
Session ID: 1b059f70-f05c-4021-9d76-ce740511bce1
Driver info: io.appium.java_client.android.AndroidDriver
Capabilities [{platform=LINUX, app=F:\EXE Files\Mobile Testing\Apk\MiGallery_1.0.17.715_production.apk, javascriptEnabled=true, appActivity=com.mimedia.gallery.GalleryStartupActivity_, browserName=, networkConnectionEnabled=true, desired={app=F:\EXE Files\Mobile Testing\Apk\MiGallery_1.0.17.715_production.apk, platformVersion=5.0.2, deviceName=A05510, platformName=Android, appActivity=com.mimedia.gallery.GalleryStartupActivity_, browserName=, appPackage=com.mimedia.gallery}, locationContextEnabled=false, appPackage=com.mimedia.gallery, platformVersion=5.0.2, databaseEnabled=false, platformName=Android, deviceName=3a209ea, webStorageEnabled=false, warnings={}, takesScreenshot=true}]]]>
            </message>
            <full-stacktrace>
              <![CDATA[org.openqa.selenium.remote.SessionNotFoundException: 
Command duration or timeout: 15 milliseconds
Build info: version: '2.45.0', revision: '5017cb8', time: '2015-02-26 23:59:50'
System info: host: 'PRO-SAURABH-LT', ip: '192.168.60.87', os.name: 'Windows 8', os.arch: 'amd64', os.version: '6.2', java.version: '1.7.0_45'
*** Element info: {Using=name, value=Collections}
Session ID: 1b059f70-f05c-4021-9d76-ce740511bce1
Driver info: io.appium.java_client.android.AndroidDriver
Capabilities [{platform=LINUX, app=F:\EXE Files\Mobile Testing\Apk\MiGallery_1.0.17.715_production.apk, javascriptEnabled=true, appActivity=com.mimedia.gallery.GalleryStartupActivity_, browserName=, networkConnectionEnabled=true, desired={app=F:\EXE Files\Mobile Testing\Apk\MiGallery_1.0.17.715_production.apk, platformVersion=5.0.2, deviceName=A05510, platformName=Android, appActivity=com.mimedia.gallery.GalleryStartupActivity_, browserName=, appPackage=com.mimedia.gallery}, locationContextEnabled=false, appPackage=com.mimedia.gallery, platformVersion=5.0.2, databaseEnabled=false, platformName=Android, deviceName=3a209ea, webStorageEnabled=false, warnings={}, takesScreenshot=true}]
	at sun.reflect.NativeConstructorAccessorImpl.newInstance0(Native Method)
	at sun.reflect.NativeConstructorAccessorImpl.newInstance(NativeConstructorAccessorImpl.java:57)
	at sun.reflect.DelegatingConstructorAccessorImpl.newInstance(DelegatingConstructorAccessorImpl.java:45)
	at java.lang.reflect.Constructor.newInstance(Constructor.java:526)
	at org.openqa.selenium.remote.ErrorHandler.createThrowable(ErrorHandler.java:204)
	at org.openqa.selenium.remote.ErrorHandler.throwIfResponseFailed(ErrorHandler.java:162)
	at org.openqa.selenium.remote.RemoteWebDriver.execute(RemoteWebDriver.java:599)
	at io.appium.java_client.AppiumDriver.execute(AppiumDriver.java:180)
	at org.openqa.selenium.remote.RemoteWebDriver.findElement(RemoteWebDriver.java:352)
	at org.openqa.selenium.remote.RemoteWebDriver.findElementByName(RemoteWebDriver.java:425)
	at org.openqa.selenium.By$ByName.findElement(By.java:299)
	at org.openqa.selenium.remote.RemoteWebDriver.findElement(RemoteWebDriver.java:344)
	at appiumtest.Testapp.E_collectionscreen(Testapp.java:183)
	at sun.reflect.NativeMethodAccessorImpl.invoke0(Native Method)
	at sun.reflect.NativeMethodAccessorImpl.invoke(NativeMethodAccessorImpl.java:57)
	at sun.reflect.DelegatingMethodAccessorImpl.invoke(DelegatingMethodAccessorImpl.java:43)
	at java.lang.reflect.Method.invoke(Method.java:606)
	at org.testng.internal.MethodInvocationHelper.invokeMethod(MethodInvocationHelper.java:84)
	at org.testng.internal.Invoker.invokeMethod(Invoker.java:714)
	at org.testng.internal.Invoker.invokeTestMethod(Invoker.java:901)
	at org.testng.internal.Invoker.invokeTestMethods(Invoker.java:1231)
	at org.testng.internal.TestMethodWorker.invokeTestMethods(TestMethodWorker.java:127)
	at org.testng.internal.TestMethodWorker.run(TestMethodWorker.java:111)
	at org.testng.TestRunner.privateRun(TestRunner.java:767)
	at org.testng.TestRunner.run(TestRunner.java:617)
	at org.testng.SuiteRunner.runTest(SuiteRunner.java:334)
	at org.testng.SuiteRunner.runSequentially(SuiteRunner.java:329)
	at org.testng.SuiteRunner.privateRun(SuiteRunner.java:291)
	at org.testng.SuiteRunner.run(SuiteRunner.java:240)
	at org.testng.SuiteRunnerWorker.runSuite(SuiteRunnerWorker.java:52)
	at org.testng.SuiteRunnerWorker.run(SuiteRunnerWorker.java:86)
	at org.testng.TestNG.runSuitesSequentially(TestNG.java:1224)
	at org.testng.TestNG.runSuitesLocally(TestNG.java:1149)
	at org.testng.TestNG.run(TestNG.java:1057)
	at org.testng.remote.RemoteTestNG.run(RemoteTestNG.java:111)
	at org.testng.remote.RemoteTestNG.initAndRun(RemoteTestNG.java:204)
	at org.testng.remote.RemoteTestNG.main(RemoteTestNG.java:175)
]]>
            </full-stacktrace>
          </exception> <!-- org.openqa.selenium.remote.SessionNotFoundException -->
          <reporter-output>
          </reporter-output>
        </test-method> <!-- E_collectionscreen -->
        <test-method status="FAIL" signature="F_more()[pri:0, instance:appiumtest.Testapp@15c3cd93]" name="F_more" duration-ms="15" started-at="2015-06-30T20:11:18Z" finished-at="2015-06-30T20:11:18Z">
          <exception class="org.openqa.selenium.remote.SessionNotFoundException">
            <message>
              <![CDATA[
Command duration or timeout: 15 milliseconds
Build info: version: '2.45.0', revision: '5017cb8', time: '2015-02-26 23:59:50'
System info: host: 'PRO-SAURABH-LT', ip: '192.168.60.87', os.name: 'Windows 8', os.arch: 'amd64', os.version: '6.2', java.version: '1.7.0_45'
*** Element info: {Using=class name, value=android.view.View}
Session ID: 1b059f70-f05c-4021-9d76-ce740511bce1
Driver info: io.appium.java_client.android.AndroidDriver
Capabilities [{platform=LINUX, app=F:\EXE Files\Mobile Testing\Apk\MiGallery_1.0.17.715_production.apk, javascriptEnabled=true, appActivity=com.mimedia.gallery.GalleryStartupActivity_, browserName=, networkConnectionEnabled=true, desired={app=F:\EXE Files\Mobile Testing\Apk\MiGallery_1.0.17.715_production.apk, platformVersion=5.0.2, deviceName=A05510, platformName=Android, appActivity=com.mimedia.gallery.GalleryStartupActivity_, browserName=, appPackage=com.mimedia.gallery}, locationContextEnabled=false, appPackage=com.mimedia.gallery, platformVersion=5.0.2, databaseEnabled=false, platformName=Android, deviceName=3a209ea, webStorageEnabled=false, warnings={}, takesScreenshot=true}]]]>
            </message>
            <full-stacktrace>
              <![CDATA[org.openqa.selenium.remote.SessionNotFoundException: 
Command duration or timeout: 15 milliseconds
Build info: version: '2.45.0', revision: '5017cb8', time: '2015-02-26 23:59:50'
System info: host: 'PRO-SAURABH-LT', ip: '192.168.60.87', os.name: 'Windows 8', os.arch: 'amd64', os.version: '6.2', java.version: '1.7.0_45'
*** Element info: {Using=class name, value=android.view.View}
Session ID: 1b059f70-f05c-4021-9d76-ce740511bce1
Driver info: io.appium.java_client.android.AndroidDriver
Capabilities [{platform=LINUX, app=F:\EXE Files\Mobile Testing\Apk\MiGallery_1.0.17.715_production.apk, javascriptEnabled=true, appActivity=com.mimedia.gallery.GalleryStartupActivity_, browserName=, networkConnectionEnabled=true, desired={app=F:\EXE Files\Mobile Testing\Apk\MiGallery_1.0.17.715_production.apk, platformVersion=5.0.2, deviceName=A05510, platformName=Android, appActivity=com.mimedia.gallery.GalleryStartupActivity_, browserName=, appPackage=com.mimedia.gallery}, locationContextEnabled=false, appPackage=com.mimedia.gallery, platformVersion=5.0.2, databaseEnabled=false, platformName=Android, deviceName=3a209ea, webStorageEnabled=false, warnings={}, takesScreenshot=true}]
	at sun.reflect.NativeConstructorAccessorImpl.newInstance0(Native Method)
	at sun.reflect.NativeConstructorAccessorImpl.newInstance(NativeConstructorAccessorImpl.java:57)
	at sun.reflect.DelegatingConstructorAccessorImpl.newInstance(DelegatingConstructorAccessorImpl.java:45)
	at java.lang.reflect.Constructor.newInstance(Constructor.java:526)
	at org.openqa.selenium.remote.ErrorHandler.createThrowable(ErrorHandler.java:204)
	at org.openqa.selenium.remote.ErrorHandler.throwIfResponseFailed(ErrorHandler.java:162)
	at org.openqa.selenium.remote.RemoteWebDriver.execute(RemoteWebDriver.java:599)
	at io.appium.java_client.AppiumDriver.execute(AppiumDriver.java:180)
	at org.openqa.selenium.remote.RemoteWebDriver.findElements(RemoteWebDriver.java:377)
	at org.openqa.selenium.remote.RemoteWebDriver.findElementsByClassName(RemoteWebDriver.java:437)
	at org.openqa.selenium.By$ByClassName.findElements(By.java:379)
	at org.openqa.selenium.remote.RemoteWebDriver.findElements(RemoteWebDriver.java:340)
	at appiumtest.Testapp.F_more(Testapp.java:205)
	at sun.reflect.NativeMethodAccessorImpl.invoke0(Native Method)
	at sun.reflect.NativeMethodAccessorImpl.invoke(NativeMethodAccessorImpl.java:57)
	at sun.reflect.DelegatingMethodAccessorImpl.invoke(DelegatingMethodAccessorImpl.java:43)
	at java.lang.reflect.Method.invoke(Method.java:606)
	at org.testng.internal.MethodInvocationHelper.invokeMethod(MethodInvocationHelper.java:84)
	at org.testng.internal.Invoker.invokeMethod(Invoker.java:714)
	at org.testng.internal.Invoker.invokeTestMethod(Invoker.java:901)
	at org.testng.internal.Invoker.invokeTestMethods(Invoker.java:1231)
	at org.testng.internal.TestMethodWorker.invokeTestMethods(TestMethodWorker.java:127)
	at org.testng.internal.TestMethodWorker.run(TestMethodWorker.java:111)
	at org.testng.TestRunner.privateRun(TestRunner.java:767)
	at org.testng.TestRunner.run(TestRunner.java:617)
	at org.testng.SuiteRunner.runTest(SuiteRunner.java:334)
	at org.testng.SuiteRunner.runSequentially(SuiteRunner.java:329)
	at org.testng.SuiteRunner.privateRun(SuiteRunner.java:291)
	at org.testng.SuiteRunner.run(SuiteRunner.java:240)
	at org.testng.SuiteRunnerWorker.runSuite(SuiteRunnerWorker.java:52)
	at org.testng.SuiteRunnerWorker.run(SuiteRunnerWorker.java:86)
	at org.testng.TestNG.runSuitesSequentially(TestNG.java:1224)
	at org.testng.TestNG.runSuitesLocally(TestNG.java:1149)
	at org.testng.TestNG.run(TestNG.java:1057)
	at org.testng.remote.RemoteTestNG.run(RemoteTestNG.java:111)
	at org.testng.remote.RemoteTestNG.initAndRun(RemoteTestNG.java:204)
	at org.testng.remote.RemoteTestNG.main(RemoteTestNG.java:175)
]]>
            </full-stacktrace>
          </exception> <!-- org.openqa.selenium.remote.SessionNotFoundException -->
          <reporter-output>
          </reporter-output>
        </test-method> <!-- F_more -->
        <test-method status="FAIL" signature="G_sharing()[pri:0, instance:appiumtest.Testapp@15c3cd93]" name="G_sharing" duration-ms="16" started-at="2015-06-30T20:11:18Z" finished-at="2015-06-30T20:11:18Z">
          <exception class="org.openqa.selenium.remote.SessionNotFoundException">
            <message>
              <![CDATA[
Command duration or timeout: 16 milliseconds
Build info: version: '2.45.0', revision: '5017cb8', time: '2015-02-26 23:59:50'
System info: host: 'PRO-SAURABH-LT', ip: '192.168.60.87', os.name: 'Windows 8', os.arch: 'amd64', os.version: '6.2', java.version: '1.7.0_45'
*** Element info: {Using=class name, value=android.view.View}
Session ID: 1b059f70-f05c-4021-9d76-ce740511bce1
Driver info: io.appium.java_client.android.AndroidDriver
Capabilities [{platform=LINUX, app=F:\EXE Files\Mobile Testing\Apk\MiGallery_1.0.17.715_production.apk, javascriptEnabled=true, appActivity=com.mimedia.gallery.GalleryStartupActivity_, browserName=, networkConnectionEnabled=true, desired={app=F:\EXE Files\Mobile Testing\Apk\MiGallery_1.0.17.715_production.apk, platformVersion=5.0.2, deviceName=A05510, platformName=Android, appActivity=com.mimedia.gallery.GalleryStartupActivity_, browserName=, appPackage=com.mimedia.gallery}, locationContextEnabled=false, appPackage=com.mimedia.gallery, platformVersion=5.0.2, databaseEnabled=false, platformName=Android, deviceName=3a209ea, webStorageEnabled=false, warnings={}, takesScreenshot=true}]]]>
            </message>
            <full-stacktrace>
              <![CDATA[org.openqa.selenium.remote.SessionNotFoundException: 
Command duration or timeout: 16 milliseconds
Build info: version: '2.45.0', revision: '5017cb8', time: '2015-02-26 23:59:50'
System info: host: 'PRO-SAURABH-LT', ip: '192.168.60.87', os.name: 'Windows 8', os.arch: 'amd64', os.version: '6.2', java.version: '1.7.0_45'
*** Element info: {Using=class name, value=android.view.View}
Session ID: 1b059f70-f05c-4021-9d76-ce740511bce1
Driver info: io.appium.java_client.android.AndroidDriver
Capabilities [{platform=LINUX, app=F:\EXE Files\Mobile Testing\Apk\MiGallery_1.0.17.715_production.apk, javascriptEnabled=true, appActivity=com.mimedia.gallery.GalleryStartupActivity_, browserName=, networkConnectionEnabled=true, desired={app=F:\EXE Files\Mobile Testing\Apk\MiGallery_1.0.17.715_production.apk, platformVersion=5.0.2, deviceName=A05510, platformName=Android, appActivity=com.mimedia.gallery.GalleryStartupActivity_, browserName=, appPackage=com.mimedia.gallery}, locationContextEnabled=false, appPackage=com.mimedia.gallery, platformVersion=5.0.2, databaseEnabled=false, platformName=Android, deviceName=3a209ea, webStorageEnabled=false, warnings={}, takesScreenshot=true}]
	at sun.reflect.NativeConstructorAccessorImpl.newInstance0(Native Method)
	at sun.reflect.NativeConstructorAccessorImpl.newInstance(NativeConstructorAccessorImpl.java:57)
	at sun.reflect.DelegatingConstructorAccessorImpl.newInstance(DelegatingConstructorAccessorImpl.java:45)
	at java.lang.reflect.Constructor.newInstance(Constructor.java:526)
	at org.openqa.selenium.remote.ErrorHandler.createThrowable(ErrorHandler.java:204)
	at org.openqa.selenium.remote.ErrorHandler.throwIfResponseFailed(ErrorHandler.java:162)
	at org.openqa.selenium.remote.RemoteWebDriver.execute(RemoteWebDriver.java:599)
	at io.appium.java_client.AppiumDriver.execute(AppiumDriver.java:180)
	at org.openqa.selenium.remote.RemoteWebDriver.findElements(RemoteWebDriver.java:377)
	at org.openqa.selenium.remote.RemoteWebDriver.findElementsByClassName(RemoteWebDriver.java:437)
	at org.openqa.selenium.By$ByClassName.findElements(By.java:379)
	at org.openqa.selenium.remote.RemoteWebDriver.findElements(RemoteWebDriver.java:340)
	at appiumtest.Testapp.G_sharing(Testapp.java:257)
	at sun.reflect.NativeMethodAccessorImpl.invoke0(Native Method)
	at sun.reflect.NativeMethodAccessorImpl.invoke(NativeMethodAccessorImpl.java:57)
	at sun.reflect.DelegatingMethodAccessorImpl.invoke(DelegatingMethodAccessorImpl.java:43)
	at java.lang.reflect.Method.invoke(Method.java:606)
	at org.testng.internal.MethodInvocationHelper.invokeMethod(MethodInvocationHelper.java:84)
	at org.testng.internal.Invoker.invokeMethod(Invoker.java:714)
	at org.testng.internal.Invoker.invokeTestMethod(Invoker.java:901)
	at org.testng.internal.Invoker.invokeTestMethods(Invoker.java:1231)
	at org.testng.internal.TestMethodWorker.invokeTestMethods(TestMethodWorker.java:127)
	at org.testng.internal.TestMethodWorker.run(TestMethodWorker.java:111)
	at org.testng.TestRunner.privateRun(TestRunner.java:767)
	at org.testng.TestRunner.run(TestRunner.java:617)
	at org.testng.SuiteRunner.runTest(SuiteRunner.java:334)
	at org.testng.SuiteRunner.runSequentially(SuiteRunner.java:329)
	at org.testng.SuiteRunner.privateRun(SuiteRunner.java:291)
	at org.testng.SuiteRunner.run(SuiteRunner.java:240)
	at org.testng.SuiteRunnerWorker.runSuite(SuiteRunnerWorker.java:52)
	at org.testng.SuiteRunnerWorker.run(SuiteRunnerWorker.java:86)
	at org.testng.TestNG.runSuitesSequentially(TestNG.java:1224)
	at org.testng.TestNG.runSuitesLocally(TestNG.java:1149)
	at org.testng.TestNG.run(TestNG.java:1057)
	at org.testng.remote.RemoteTestNG.run(RemoteTestNG.java:111)
	at org.testng.remote.RemoteTestNG.initAndRun(RemoteTestNG.java:204)
	at org.testng.remote.RemoteTestNG.main(RemoteTestNG.java:175)
]]>
            </full-stacktrace>
          </exception> <!-- org.openqa.selenium.remote.SessionNotFoundException -->
          <reporter-output>
          </reporter-output>
        </test-method> <!-- G_sharing -->
        <test-method status="FAIL" signature="H_swipe()[pri:0, instance:appiumtest.Testapp@15c3cd93]" name="H_swipe" duration-ms="15" started-at="2015-06-30T20:11:18Z" finished-at="2015-06-30T20:11:18Z">
          <exception class="org.openqa.selenium.remote.SessionNotFoundException">
            <message>
              <![CDATA[
Command duration or timeout: 15 milliseconds
Build info: version: '2.45.0', revision: '5017cb8', time: '2015-02-26 23:59:50'
System info: host: 'PRO-SAURABH-LT', ip: '192.168.60.87', os.name: 'Windows 8', os.arch: 'amd64', os.version: '6.2', java.version: '1.7.0_45'
*** Element info: {Using=xpath, value=//*[@class='android.view.View' and @index='0']}
Session ID: 1b059f70-f05c-4021-9d76-ce740511bce1
Driver info: io.appium.java_client.android.AndroidDriver
Capabilities [{platform=LINUX, app=F:\EXE Files\Mobile Testing\Apk\MiGallery_1.0.17.715_production.apk, javascriptEnabled=true, appActivity=com.mimedia.gallery.GalleryStartupActivity_, browserName=, networkConnectionEnabled=true, desired={app=F:\EXE Files\Mobile Testing\Apk\MiGallery_1.0.17.715_production.apk, platformVersion=5.0.2, deviceName=A05510, platformName=Android, appActivity=com.mimedia.gallery.GalleryStartupActivity_, browserName=, appPackage=com.mimedia.gallery}, locationContextEnabled=false, appPackage=com.mimedia.gallery, platformVersion=5.0.2, databaseEnabled=false, platformName=Android, deviceName=3a209ea, webStorageEnabled=false, warnings={}, takesScreenshot=true}]]]>
            </message>
            <full-stacktrace>
              <![CDATA[org.openqa.selenium.remote.SessionNotFoundException: 
Command duration or timeout: 15 milliseconds
Build info: version: '2.45.0', revision: '5017cb8', time: '2015-02-26 23:59:50'
System info: host: 'PRO-SAURABH-LT', ip: '192.168.60.87', os.name: 'Windows 8', os.arch: 'amd64', os.version: '6.2', java.version: '1.7.0_45'
*** Element info: {Using=xpath, value=//*[@class='android.view.View' and @index='0']}
Session ID: 1b059f70-f05c-4021-9d76-ce740511bce1
Driver info: io.appium.java_client.android.AndroidDriver
Capabilities [{platform=LINUX, app=F:\EXE Files\Mobile Testing\Apk\MiGallery_1.0.17.715_production.apk, javascriptEnabled=true, appActivity=com.mimedia.gallery.GalleryStartupActivity_, browserName=, networkConnectionEnabled=true, desired={app=F:\EXE Files\Mobile Testing\Apk\MiGallery_1.0.17.715_production.apk, platformVersion=5.0.2, deviceName=A05510, platformName=Android, appActivity=com.mimedia.gallery.GalleryStartupActivity_, browserName=, appPackage=com.mimedia.gallery}, locationContextEnabled=false, appPackage=com.mimedia.gallery, platformVersion=5.0.2, databaseEnabled=false, platformName=Android, deviceName=3a209ea, webStorageEnabled=false, warnings={}, takesScreenshot=true}]
	at sun.reflect.NativeConstructorAccessorImpl.newInstance0(Native Method)
	at sun.reflect.NativeConstructorAccessorImpl.newInstance(NativeConstructorAccessorImpl.java:57)
	at sun.reflect.DelegatingConstructorAccessorImpl.newInstance(DelegatingConstructorAccessorImpl.java:45)
	at java.lang.reflect.Constructor.newInstance(Constructor.java:526)
	at org.openqa.selenium.remote.ErrorHandler.createThrowable(ErrorHandler.java:204)
	at org.openqa.selenium.remote.ErrorHandler.throwIfResponseFailed(ErrorHandler.java:162)
	at org.openqa.selenium.remote.RemoteWebDriver.execute(RemoteWebDriver.java:599)
	at io.appium.java_client.AppiumDriver.execute(AppiumDriver.java:180)
	at org.openqa.selenium.remote.RemoteWebDriver.findElement(RemoteWebDriver.java:352)
	at org.openqa.selenium.remote.RemoteWebDriver.findElementByXPath(RemoteWebDriver.java:449)
	at org.openqa.selenium.By$ByXPath.findElement(By.java:357)
	at org.openqa.selenium.remote.RemoteWebDriver.findElement(RemoteWebDriver.java:344)
	at appiumtest.Testapp.H_swipe(Testapp.java:271)
	at sun.reflect.NativeMethodAccessorImpl.invoke0(Native Method)
	at sun.reflect.NativeMethodAccessorImpl.invoke(NativeMethodAccessorImpl.java:57)
	at sun.reflect.DelegatingMethodAccessorImpl.invoke(DelegatingMethodAccessorImpl.java:43)
	at java.lang.reflect.Method.invoke(Method.java:606)
	at org.testng.internal.MethodInvocationHelper.invokeMethod(MethodInvocationHelper.java:84)
	at org.testng.internal.Invoker.invokeMethod(Invoker.java:714)
	at org.testng.internal.Invoker.invokeTestMethod(Invoker.java:901)
	at org.testng.internal.Invoker.invokeTestMethods(Invoker.java:1231)
	at org.testng.internal.TestMethodWorker.invokeTestMethods(TestMethodWorker.java:127)
	at org.testng.internal.TestMethodWorker.run(TestMethodWorker.java:111)
	at org.testng.TestRunner.privateRun(TestRunner.java:767)
	at org.testng.TestRunner.run(TestRunner.java:617)
	at org.testng.SuiteRunner.runTest(SuiteRunner.java:334)
	at org.testng.SuiteRunner.runSequentially(SuiteRunner.java:329)
	at org.testng.SuiteRunner.privateRun(SuiteRunner.java:291)
	at org.testng.SuiteRunner.run(SuiteRunner.java:240)
	at org.testng.SuiteRunnerWorker.runSuite(SuiteRunnerWorker.java:52)
	at org.testng.SuiteRunnerWorker.run(SuiteRunnerWorker.java:86)
	at org.testng.TestNG.runSuitesSequentially(TestNG.java:1224)
	at org.testng.TestNG.runSuitesLocally(TestNG.java:1149)
	at org.testng.TestNG.run(TestNG.java:1057)
	at org.testng.remote.RemoteTestNG.run(RemoteTestNG.java:111)
	at org.testng.remote.RemoteTestNG.initAndRun(RemoteTestNG.java:204)
	at org.testng.remote.RemoteTestNG.main(RemoteTestNG.java:175)
]]>
            </full-stacktrace>
          </exception> <!-- org.openqa.selenium.remote.SessionNotFoundException -->
          <reporter-output>
          </reporter-output>
        </test-method> <!-- H_swipe -->
        <test-method status="FAIL" signature="quit()[pri:0, instance:appiumtest.Testapp@15c3cd93]" name="quit" is-config="true" duration-ms="0" started-at="2015-06-30T20:11:18Z" finished-at="2015-06-30T20:11:18Z">
          <exception class="org.openqa.selenium.remote.SessionNotFoundException">
            <message>
              <![CDATA[
Command duration or timeout: 15 milliseconds
Build info: version: '2.45.0', revision: '5017cb8', time: '2015-02-26 23:59:50'
System info: host: 'PRO-SAURABH-LT', ip: '192.168.60.87', os.name: 'Windows 8', os.arch: 'amd64', os.version: '6.2', java.version: '1.7.0_45'
Session ID: 1b059f70-f05c-4021-9d76-ce740511bce1
Driver info: io.appium.java_client.android.AndroidDriver
Capabilities [{platform=LINUX, app=F:\EXE Files\Mobile Testing\Apk\MiGallery_1.0.17.715_production.apk, javascriptEnabled=true, appActivity=com.mimedia.gallery.GalleryStartupActivity_, browserName=, networkConnectionEnabled=true, desired={app=F:\EXE Files\Mobile Testing\Apk\MiGallery_1.0.17.715_production.apk, platformVersion=5.0.2, deviceName=A05510, platformName=Android, appActivity=com.mimedia.gallery.GalleryStartupActivity_, browserName=, appPackage=com.mimedia.gallery}, locationContextEnabled=false, appPackage=com.mimedia.gallery, platformVersion=5.0.2, databaseEnabled=false, platformName=Android, deviceName=3a209ea, webStorageEnabled=false, warnings={}, takesScreenshot=true}]]]>
            </message>
            <full-stacktrace>
              <![CDATA[org.openqa.selenium.remote.SessionNotFoundException: 
Command duration or timeout: 15 milliseconds
Build info: version: '2.45.0', revision: '5017cb8', time: '2015-02-26 23:59:50'
System info: host: 'PRO-SAURABH-LT', ip: '192.168.60.87', os.name: 'Windows 8', os.arch: 'amd64', os.version: '6.2', java.version: '1.7.0_45'
Session ID: 1b059f70-f05c-4021-9d76-ce740511bce1
Driver info: io.appium.java_client.android.AndroidDriver
Capabilities [{platform=LINUX, app=F:\EXE Files\Mobile Testing\Apk\MiGallery_1.0.17.715_production.apk, javascriptEnabled=true, appActivity=com.mimedia.gallery.GalleryStartupActivity_, browserName=, networkConnectionEnabled=true, desired={app=F:\EXE Files\Mobile Testing\Apk\MiGallery_1.0.17.715_production.apk, platformVersion=5.0.2, deviceName=A05510, platformName=Android, appActivity=com.mimedia.gallery.GalleryStartupActivity_, browserName=, appPackage=com.mimedia.gallery}, locationContextEnabled=false, appPackage=com.mimedia.gallery, platformVersion=5.0.2, databaseEnabled=false, platformName=Android, deviceName=3a209ea, webStorageEnabled=false, warnings={}, takesScreenshot=true}]
	at sun.reflect.NativeConstructorAccessorImpl.newInstance0(Native Method)
	at sun.reflect.NativeConstructorAccessorImpl.newInstance(NativeConstructorAccessorImpl.java:57)
	at sun.reflect.DelegatingConstructorAccessorImpl.newInstance(DelegatingConstructorAccessorImpl.java:45)
	at java.lang.reflect.Constructor.newInstance(Constructor.java:526)
	at org.openqa.selenium.remote.ErrorHandler.createThrowable(ErrorHandler.java:204)
	at org.openqa.selenium.remote.ErrorHandler.throwIfResponseFailed(ErrorHandler.java:162)
	at org.openqa.selenium.remote.RemoteWebDriver.execute(RemoteWebDriver.java:599)
	at io.appium.java_client.AppiumDriver.execute(AppiumDriver.java:180)
	at io.appium.java_client.AppiumDriver.execute(AppiumDriver.java:185)
	at org.openqa.selenium.remote.RemoteWebDriver.quit(RemoteWebDriver.java:468)
	at appiumtest.Testapp.quit(Testapp.java:72)
	at sun.reflect.NativeMethodAccessorImpl.invoke0(Native Method)
	at sun.reflect.NativeMethodAccessorImpl.invoke(NativeMethodAccessorImpl.java:57)
	at sun.reflect.DelegatingMethodAccessorImpl.invoke(DelegatingMethodAccessorImpl.java:43)
	at java.lang.reflect.Method.invoke(Method.java:606)
	at org.testng.internal.MethodInvocationHelper.invokeMethod(MethodInvocationHelper.java:84)
	at org.testng.internal.Invoker.invokeConfigurationMethod(Invoker.java:564)
	at org.testng.internal.Invoker.invokeConfigurations(Invoker.java:213)
	at org.testng.internal.Invoker.invokeConfigurations(Invoker.java:138)
	at org.testng.SuiteRunner.privateRun(SuiteRunner.java:308)
	at org.testng.SuiteRunner.run(SuiteRunner.java:240)
	at org.testng.SuiteRunnerWorker.runSuite(SuiteRunnerWorker.java:52)
	at org.testng.SuiteRunnerWorker.run(SuiteRunnerWorker.java:86)
	at org.testng.TestNG.runSuitesSequentially(TestNG.java:1224)
	at org.testng.TestNG.runSuitesLocally(TestNG.java:1149)
	at org.testng.TestNG.run(TestNG.java:1057)
	at org.testng.remote.RemoteTestNG.run(RemoteTestNG.java:111)
	at org.testng.remote.RemoteTestNG.initAndRun(RemoteTestNG.java:204)
	at org.testng.remote.RemoteTestNG.main(RemoteTestNG.java:175)
]]>
            </full-stacktrace>
          </exception> <!-- org.openqa.selenium.remote.SessionNotFoundException -->
          <reporter-output>
          </reporter-output>
        </test-method> <!-- quit -->
      </class> <!-- appiumtest.Testapp -->
    </test> <!-- Default test -->
  </suite> <!-- Default suite -->
</testng-results>
